<?xml version="1.0" encoding="UTF-8"?>
<!-- Generated by org.testng.reporters.JUnitReportReporter -->
<testsuite skipped="0" hostname="DESKTOP-O8MMCF7" name="Academy.Homepage" tests="2" failures="0" timestamp="2020-05-11T10:04:48 IST" time="119.658" errors="0">
  <testcase name="landingpagevalidation" time="32.326" classname="Academy.Homepage"/>
  <system-out/>
  <testcase name="landingpagevalidation" time="87.332" classname="Academy.Homepage"/>
  <system-out/>
</testsuite> <!-- Academy.Homepage -->
