<?xml version="1.0" encoding="UTF-8"?>
<!-- Generated by org.testng.reporters.JUnitReportReporter -->
<testsuite skipped="0" hostname="DESKTOP-O8MMCF7" name="Academy.validationnavigationbar" tests="1" failures="0" timestamp="2020-05-11T09:22:17 IST" time="1.777" errors="0">
  <testcase name="validatingnavigationbar" time="1.777" classname="Academy.validationnavigationbar"/>
  <system-out/>
</testsuite> <!-- Academy.validationnavigationbar -->
