<?xml version="1.0" encoding="UTF-8"?>
<!-- Generated by org.testng.reporters.JUnitReportReporter -->
<testsuite hostname="DESKTOP-O8MMCF7" failures="0" tests="1" name="Academy.validationnavigationbar" time="1.587" errors="0" timestamp="2020-05-11T23:01:15 IST" skipped="0">
  <testcase classname="Academy.validationnavigationbar" name="validatingnavigationbar" time="1.587"/>
  <system-out/>
</testsuite> <!-- Academy.validationnavigationbar -->
