<?xml version="1.0" encoding="UTF-8"?>
<!-- Generated by org.testng.reporters.JUnitReportReporter -->
<testsuite hostname="DESKTOP-O8MMCF7" failures="0" tests="2" name="Academy.Homepage" time="80.985" errors="0" timestamp="2020-05-11T23:01:15 IST" skipped="0">
  <testcase classname="Academy.Homepage" name="landingpagevalidation" time="31.310"/>
  <system-out/>
  <testcase classname="Academy.Homepage" name="landingpagevalidation" time="49.675"/>
  <system-out/>
</testsuite> <!-- Academy.Homepage -->
